<?xml version="1.0" encoding="UTF-8"?>
<testsuite name="com.smilepile.app.models.CategoryTest" tests="7" skipped="0" failures="0" errors="0" timestamp="2025-09-18T22:42:32" hostname="Adams-MacBook-Air.local" time="0.0">
  <properties/>
  <testcase name="isValid should return false for category with blank name" classname="com.smilepile.app.models.CategoryTest" time="0.0"/>
  <testcase name="category creation with all parameters should work correctly" classname="com.smilepile.app.models.CategoryTest" time="0.0"/>
  <testcase name="isValid should return false for category with blank displayName" classname="com.smilepile.app.models.CategoryTest" time="0.0"/>
  <testcase name="data class equality should work correctly" classname="com.smilepile.app.models.CategoryTest" time="0.0"/>
  <testcase name="isValid should return false for category with blank id" classname="com.smilepile.app.models.CategoryTest" time="0.0"/>
  <testcase name="isValid should return true for valid category" classname="com.smilepile.app.models.CategoryTest" time="0.0"/>
  <testcase name="category creation with default parameters should work correctly" classname="com.smilepile.app.models.CategoryTest" time="0.0"/>
  <system-out><![CDATA[]]></system-out>
  <system-err><![CDATA[]]></system-err>
</testsuite>
