<?xml version="1.0" encoding="UTF-8"?>
<testsuite name="com.smilepile.app.integration.CategoryIntegrationTest" tests="5" skipped="0" failures="0" errors="0" timestamp="2025-09-18T22:42:32" hostname="Adams-MacBook-Air.local" time="0.009">
  <properties/>
  <testcase name="CategoryManager should provide backward compatible photo paths" classname="com.smilepile.app.integration.CategoryIntegrationTest" time="0.007"/>
  <testcase name="CategoryManager should maintain data integrity" classname="com.smilepile.app.integration.CategoryIntegrationTest" time="0.001"/>
  <testcase name="CategoryManager should distribute photos across 3 categories" classname="com.smilepile.app.integration.CategoryIntegrationTest" time="0.0"/>
  <testcase name="CategoryManager should support adding new categories and photos" classname="com.smilepile.app.integration.CategoryIntegrationTest" time="0.0"/>
  <testcase name="CategoryManager should provide photo paths compatible with ImagePagerAdapter" classname="com.smilepile.app.integration.CategoryIntegrationTest" time="0.0"/>
  <system-out><![CDATA[]]></system-out>
  <system-err><![CDATA[]]></system-err>
</testsuite>
