<?xml version="1.0" encoding="UTF-8"?>
<testsuite name="com.smilepile.app.models.CategoryWithPhotosTest" tests="13" skipped="0" failures="0" errors="0" timestamp="2025-09-19T08:34:59" hostname="Adams-MacBook-Air.local" time="0.001">
  <properties/>
  <testcase name="getPhotoPaths should return sorted photo asset paths" classname="com.smilepile.app.models.CategoryWithPhotosTest" time="0.0"/>
  <testcase name="photoCount should return 0 for empty photos list" classname="com.smilepile.app.models.CategoryWithPhotosTest" time="0.0"/>
  <testcase name="getPhotoPaths should return empty list when no photos" classname="com.smilepile.app.models.CategoryWithPhotosTest" time="0.0"/>
  <testcase name="coverImage should return null when no photos and no category cover" classname="com.smilepile.app.models.CategoryWithPhotosTest" time="0.0"/>
  <testcase name="isValid should return false when photo categoryId doesn't match category id" classname="com.smilepile.app.models.CategoryWithPhotosTest" time="0.0"/>
  <testcase name="coverImage should return category coverImagePath when no photos" classname="com.smilepile.app.models.CategoryWithPhotosTest" time="0.0"/>
  <testcase name="photoCount should return correct number of photos" classname="com.smilepile.app.models.CategoryWithPhotosTest" time="0.0"/>
  <testcase name="isValid should return false when category is invalid" classname="com.smilepile.app.models.CategoryWithPhotosTest" time="0.0"/>
  <testcase name="coverImage should return first photo path when photos exist" classname="com.smilepile.app.models.CategoryWithPhotosTest" time="0.0"/>
  <testcase name="isValid should return true when category and all photos are valid and match categoryId" classname="com.smilepile.app.models.CategoryWithPhotosTest" time="0.0"/>
  <testcase name="isValid should return false when any photo is invalid" classname="com.smilepile.app.models.CategoryWithPhotosTest" time="0.0"/>
  <testcase name="categoryWithPhotos creation should work correctly" classname="com.smilepile.app.models.CategoryWithPhotosTest" time="0.0"/>
  <testcase name="sortedPhotos should return photos sorted by position" classname="com.smilepile.app.models.CategoryWithPhotosTest" time="0.0"/>
  <system-out><![CDATA[]]></system-out>
  <system-err><![CDATA[]]></system-err>
</testsuite>
