<?xml version="1.0" encoding="UTF-8"?>
<testsuite name="com.smilepile.app.integration.ComprehensiveIntegrationTest" tests="8" skipped="0" failures="0" errors="0" timestamp="2025-09-19T08:34:59" hostname="Adams-MacBook-Air.local" time="0.002">
  <properties/>
  <testcase name="Performance requirements should be met" classname="com.smilepile.app.integration.ComprehensiveIntegrationTest" time="0.0"/>
  <testcase name="F0012 Navigation data flow should maintain consistency" classname="com.smilepile.app.integration.ComprehensiveIntegrationTest" time="0.0"/>
  <testcase name="Child-friendly UI requirements should be met" classname="com.smilepile.app.integration.ComprehensiveIntegrationTest" time="0.001"/>
  <testcase name="F0011 Photo categorization should work correctly with both Photo classes" classname="com.smilepile.app.integration.ComprehensiveIntegrationTest" time="0.0"/>
  <testcase name="Integration between MainActivity and CategoryManager should work" classname="com.smilepile.app.integration.ComprehensiveIntegrationTest" time="0.0"/>
  <testcase name="F0010 CategoryManager should properly initialize with 3 categories" classname="com.smilepile.app.integration.ComprehensiveIntegrationTest" time="0.0"/>
  <testcase name="Data integrity between CategoryManager and root Photo class" classname="com.smilepile.app.integration.ComprehensiveIntegrationTest" time="0.0"/>
  <testcase name="Memory management should be efficient" classname="com.smilepile.app.integration.ComprehensiveIntegrationTest" time="0.0"/>
  <system-out><![CDATA[]]></system-out>
  <system-err><![CDATA[]]></system-err>
</testsuite>
