<?xml version='1.0' encoding='UTF-8' ?>
<testsuite name="com.smilepile.app.MainActivityTest" tests="4" failures="0" errors="0" skipped="0" time="13.153" timestamp="2025-09-18T21:58:12" hostname="localhost">
  <properties>
    <property name="device" value="Pixel_9(AVD) - 16" />
    <property name="flavor" value="" />
    <property name="project" value=":app" />
  </properties>
  <testcase name="testImagePagerAdapterWithSampleImages" classname="com.smilepile.app.MainActivityTest" time="3.797" />
  <testcase name="testSwipeGestures" classname="com.smilepile.app.MainActivityTest" time="3.344" />
  <testcase name="testActivityLaunches" classname="com.smilepile.app.MainActivityTest" time="2.381" />
  <testcase name="testDynamicImageLoading" classname="com.smilepile.app.MainActivityTest" time="2.331" />
</testsuite>